TN:
SF:db.js
FN:11,(anonymous_0)
FNF:1
FNH:1
FNDA:2,(anonymous_0)
DA:1,2
DA:3,2
DA:11,2
DA:12,2
DA:13,0
DA:15,2
DA:18,2
LF:7
LH:6
BRDA:12,0,0,0
BRDA:12,0,1,2
BRF:2
BRH:1
end_of_record
TN:
SF:controllers\imovel.js
FN:3,(anonymous_0)
FN:6,(anonymous_1)
FN:13,(anonymous_2)
FN:24,(anonymous_3)
FN:31,(anonymous_4)
FN:42,(anonymous_5)
FN:49,(anonymous_6)
FN:52,(anonymous_7)
FNF:8
FNH:4
FNDA:1,(anonymous_0)
FNDA:1,(anonymous_1)
FNDA:1,(anonymous_2)
FNDA:1,(anonymous_3)
FNDA:0,(anonymous_4)
FNDA:0,(anonymous_5)
FNDA:0,(anonymous_6)
FNDA:0,(anonymous_7)
DA:1,2
DA:3,2
DA:4,1
DA:6,1
DA:7,1
DA:9,1
DA:13,2
DA:15,1
DA:17,1
DA:24,1
DA:25,1
DA:27,1
DA:31,2
DA:33,0
DA:35,0
DA:42,0
DA:43,0
DA:45,0
DA:49,2
DA:50,0
DA:52,0
DA:53,0
DA:55,0
DA:59,2
LF:24
LH:15
BRDA:7,0,0,0
BRDA:7,0,1,1
BRDA:25,1,0,0
BRDA:25,1,1,1
BRDA:43,2,0,0
BRDA:43,2,1,0
BRDA:53,3,0,0
BRDA:53,3,1,0
BRF:8
BRH:2
end_of_record
TN:
SF:routes\imoveis.js
FNF:0
FNH:0
DA:1,2
DA:2,2
DA:4,2
DA:5,2
DA:6,2
DA:7,2
DA:8,2
DA:10,2
LF:8
LH:8
BRF:0
BRH:0
end_of_record
